<?xml version="1.0" encoding="UTF-8"?>
<testsuite name="ParserTest" tests="3" skipped="0" failures="0" errors="0" timestamp="2025-04-22T20:39:30" hostname="Aryas-Laptop.local" time="0.007">
  <properties/>
  <testcase name="testSortByName()" classname="ParserTest" time="0.005"/>
  <testcase name="testSortByRating()" classname="ParserTest" time="0.001"/>
  <testcase name="testSortByPrice()" classname="ParserTest" time="0.001"/>
  <system-out><![CDATA[]]></system-out>
  <system-err><![CDATA[]]></system-err>
</testsuite>
